RichTextEditor-master/build/intermediates/manifest_merge_blame_file/debug/manifest-merger-blame-debug-report.txt
1<?xml version="1.0" encoding="utf-8"?>
2<manifest xmlns:android="http://schemas.android.com/apk/res/android"
3    package="com.fiberlink.maas360.android.richtexteditor"
4    android:versionCode="1"
5    android:versionName="1.0" >
6
7    <uses-sdk
8        android:minSdkVersion="19"
8-->WatashinoNikki\RichTextEditor-master\AndroidManifest.xml
9        android:targetSdkVersion="24" />
9-->WatashinoNikki\RichTextEditor-master\AndroidManifest.xml
10
11    <application
11-->WatashinoNikki\RichTextEditor-master\AndroidManifest.xml:4:5-8:19
12        android:allowBackup="false"
12-->WatashinoNikki\RichTextEditor-master\AndroidManifest.xml:5:9-36
13        android:supportsRtl="true" >
13-->WatashinoNikki\RichTextEditor-master\AndroidManifest.xml:6:9-35
14    </application>
15
16</manifest>